  Main.cpp
D:\Repositorios\OpenGLProjects\OpenGLSolution\codebase\Utilidades.h(29,44): warning C4305: 'inicializando': truncamiento de 'double' a 'const GLfloat'
D:\Repositorios\OpenGLProjects\OpenGLSolution\codebase\Utilidades.h(30,45): warning C4305: 'inicializando': truncamiento de 'double' a 'const GLfloat'
D:\Repositorios\OpenGLProjects\OpenGLSolution\codebase\Utilidades.h(35,57): warning C4305: 'inicializando': truncamiento de 'double' a 'const GLfloat'
D:\Repositorios\OpenGLProjects\OpenGLSolution\codebase\Utilidades.h(36,57): warning C4305: 'inicializando': truncamiento de 'double' a 'const GLfloat'
D:\Repositorios\OpenGLProjects\OpenGLSolution\codebase\Utilidades.h(38,54): warning C4305: 'inicializando': truncamiento de 'double' a 'const GLfloat'
D:\Repositorios\OpenGLProjects\OpenGLSolution\codebase\Utilidades.h(252,37): warning C4305: 'argumento': truncamiento de 'double' a 'GLfloat'
D:\Repositorios\OpenGLProjects\OpenGLSolution\RelojPract5\Main.cpp(40,29): warning C4305: 'argumento': truncamiento de 'double' a 'GLfloat'
D:\Repositorios\OpenGLProjects\OpenGLSolution\RelojPract5\Main.cpp(46,27): warning C4305: 'argumento': truncamiento de 'double' a 'GLfloat'
D:\Repositorios\OpenGLProjects\OpenGLSolution\RelojPract5\Main.cpp(63,31): warning C4305: 'argumento': truncamiento de 'double' a 'GLfloat'
D:\Repositorios\OpenGLProjects\OpenGLSolution\RelojPract5\Main.cpp(68,13): warning C4244: 'argumento': conversión de 'double' a 'GLfloat'; posible pérdida de datos
D:\Repositorios\OpenGLProjects\OpenGLSolution\RelojPract5\Main.cpp(67,23): warning C4244: 'argumento': conversión de 'double' a 'GLfloat'; posible pérdida de datos
D:\Repositorios\OpenGLProjects\OpenGLSolution\RelojPract5\Main.cpp(74,13): warning C4244: 'argumento': conversión de 'double' a 'GLfloat'; posible pérdida de datos
D:\Repositorios\OpenGLProjects\OpenGLSolution\RelojPract5\Main.cpp(73,23): warning C4244: 'argumento': conversión de 'double' a 'GLfloat'; posible pérdida de datos
D:\Repositorios\OpenGLProjects\OpenGLSolution\RelojPract5\Main.cpp(79,31): warning C4305: 'argumento': truncamiento de 'double' a 'GLfloat'
D:\Repositorios\OpenGLProjects\OpenGLSolution\RelojPract5\Main.cpp(84,14): warning C4244: 'argumento': conversión de 'double' a 'GLfloat'; posible pérdida de datos
D:\Repositorios\OpenGLProjects\OpenGLSolution\RelojPract5\Main.cpp(83,23): warning C4244: 'argumento': conversión de 'double' a 'GLfloat'; posible pérdida de datos
D:\Repositorios\OpenGLProjects\OpenGLSolution\RelojPract5\Main.cpp(85,29): warning C4305: 'argumento': truncamiento de 'double' a 'GLfloat'
D:\Repositorios\OpenGLProjects\OpenGLSolution\RelojPract5\Main.cpp(90,14): warning C4244: 'argumento': conversión de 'double' a 'GLfloat'; posible pérdida de datos
D:\Repositorios\OpenGLProjects\OpenGLSolution\RelojPract5\Main.cpp(89,23): warning C4244: 'argumento': conversión de 'double' a 'GLfloat'; posible pérdida de datos
D:\Repositorios\OpenGLProjects\OpenGLSolution\RelojPract5\Main.cpp(91,29): warning C4305: 'argumento': truncamiento de 'double' a 'GLfloat'
D:\Repositorios\OpenGLProjects\OpenGLSolution\RelojPract5\Main.cpp(95,32): warning C4305: 'argumento': truncamiento de 'double' a 'GLfloat'
D:\Repositorios\OpenGLProjects\OpenGLSolution\RelojPract5\Main.cpp(96,29): warning C4305: 'argumento': truncamiento de 'double' a 'GLfloat'
D:\Repositorios\OpenGLProjects\OpenGLSolution\RelojPract5\Main.cpp(101,14): warning C4244: 'argumento': conversión de 'double' a 'GLfloat'; posible pérdida de datos
D:\Repositorios\OpenGLProjects\OpenGLSolution\RelojPract5\Main.cpp(100,24): warning C4244: 'argumento': conversión de 'double' a 'GLfloat'; posible pérdida de datos
D:\Repositorios\OpenGLProjects\OpenGLSolution\RelojPract5\Main.cpp(102,29): warning C4305: 'argumento': truncamiento de 'double' a 'GLfloat'
D:\Repositorios\OpenGLProjects\OpenGLSolution\RelojPract5\Main.cpp(107,14): warning C4244: 'argumento': conversión de 'double' a 'GLfloat'; posible pérdida de datos
D:\Repositorios\OpenGLProjects\OpenGLSolution\RelojPract5\Main.cpp(106,24): warning C4244: 'argumento': conversión de 'double' a 'GLfloat'; posible pérdida de datos
D:\Repositorios\OpenGLProjects\OpenGLSolution\RelojPract5\Main.cpp(108,29): warning C4305: 'argumento': truncamiento de 'double' a 'GLfloat'
D:\Repositorios\OpenGLProjects\OpenGLSolution\RelojPract5\Main.cpp(112,32): warning C4305: 'argumento': truncamiento de 'double' a 'GLfloat'
D:\Repositorios\OpenGLProjects\OpenGLSolution\RelojPract5\Main.cpp(113,29): warning C4305: 'argumento': truncamiento de 'double' a 'GLfloat'
D:\Repositorios\OpenGLProjects\OpenGLSolution\RelojPract5\Main.cpp(118,13): warning C4244: 'argumento': conversión de 'double' a 'GLfloat'; posible pérdida de datos
D:\Repositorios\OpenGLProjects\OpenGLSolution\RelojPract5\Main.cpp(117,24): warning C4244: 'argumento': conversión de 'double' a 'GLfloat'; posible pérdida de datos
D:\Repositorios\OpenGLProjects\OpenGLSolution\RelojPract5\Main.cpp(124,13): warning C4244: 'argumento': conversión de 'double' a 'GLfloat'; posible pérdida de datos
D:\Repositorios\OpenGLProjects\OpenGLSolution\RelojPract5\Main.cpp(123,24): warning C4244: 'argumento': conversión de 'double' a 'GLfloat'; posible pérdida de datos
D:\Repositorios\OpenGLProjects\OpenGLSolution\RelojPract5\Main.cpp(130,45): warning C4244: 'argumento': conversión de 'int' a 'GLfloat'; posible pérdida de datos
D:\Repositorios\OpenGLProjects\OpenGLSolution\RelojPract5\Main.cpp(131,33): warning C4305: 'argumento': truncamiento de 'double' a 'GLfloat'
D:\Repositorios\OpenGLProjects\OpenGLSolution\RelojPract5\Main.cpp(131,58): warning C4305: 'argumento': truncamiento de 'double' a 'GLfloat'
D:\Repositorios\OpenGLProjects\OpenGLSolution\RelojPract5\Main.cpp(203,31): warning C4305: 'argumento': truncamiento de 'double' a 'GLfloat'
D:\Repositorios\OpenGLProjects\OpenGLSolution\RelojPract5\Main.cpp(204,16): warning C4244: 'argumento': conversión de 'int' a 'GLfloat'; posible pérdida de datos
D:\Repositorios\OpenGLProjects\OpenGLSolution\RelojPract5\Main.cpp(205,30): warning C4305: 'argumento': truncamiento de 'double' a 'GLfloat'
D:\Repositorios\OpenGLProjects\OpenGLSolution\RelojPract5\Main.cpp(237,30): warning C4305: 'argumento': truncamiento de 'double' a 'GLfloat'
D:\Repositorios\OpenGLProjects\OpenGLSolution\RelojPract5\Main.cpp(244,30): warning C4305: 'argumento': truncamiento de 'double' a 'GLfloat'
D:\Repositorios\OpenGLProjects\OpenGLSolution\RelojPract5\Main.cpp(298,42): warning C4244: '=': conversión de 'double' a 'float'; posible pérdida de datos
D:\Repositorios\OpenGLProjects\OpenGLSolution\RelojPract5\Main.cpp(301,40): warning C4244: '=': conversión de 'double' a 'float'; posible pérdida de datos
D:\Repositorios\OpenGLProjects\OpenGLSolution\RelojPract5\Main.cpp(308,30): warning C4244: '+=': conversión de 'double' a 'float'; posible pérdida de datos
  Generando código
  Previous IPDB not found, fall back to full compilation.
  All 147 functions were compiled because no usable IPDB/IOBJ from previous compilation was found.
  Generación de código finalizada
  RelojPract5.vcxproj -> D:\Repositorios\OpenGLProjects\OpenGLSolution\Release\RelojPract5.exe
