  Source.cpp
D:\Repositorios\OpenGLProjects\OpenGLSolution\codebase\Utilidades.h(29,44): warning C4305: 'inicializando': truncamiento de 'double' a 'const GLfloat'
D:\Repositorios\OpenGLProjects\OpenGLSolution\codebase\Utilidades.h(30,45): warning C4305: 'inicializando': truncamiento de 'double' a 'const GLfloat'
D:\Repositorios\OpenGLProjects\OpenGLSolution\codebase\Utilidades.h(35,57): warning C4305: 'inicializando': truncamiento de 'double' a 'const GLfloat'
D:\Repositorios\OpenGLProjects\OpenGLSolution\codebase\Utilidades.h(36,57): warning C4305: 'inicializando': truncamiento de 'double' a 'const GLfloat'
D:\Repositorios\OpenGLProjects\OpenGLSolution\codebase\Utilidades.h(38,54): warning C4305: 'inicializando': truncamiento de 'double' a 'const GLfloat'
D:\Repositorios\OpenGLProjects\OpenGLSolution\codebase\Utilidades.h(252,37): warning C4305: 'argumento': truncamiento de 'double' a 'GLfloat'
D:\Repositorios\OpenGLProjects\OpenGLSolution\SimuladorCoche\Source.cpp(55,1): warning C4305: 'inicializando': truncamiento de 'double' a 'float'
D:\Repositorios\OpenGLProjects\OpenGLSolution\SimuladorCoche\Source.cpp(67,39): warning C4305: 'inicializando': truncamiento de 'double' a 'GLfloat'
D:\Repositorios\OpenGLProjects\OpenGLSolution\SimuladorCoche\Source.cpp(68,39): warning C4305: 'inicializando': truncamiento de 'double' a 'GLfloat'
D:\Repositorios\OpenGLProjects\OpenGLSolution\SimuladorCoche\Source.cpp(119,45): warning C4305: 'inicializando': truncamiento de 'double' a 'GLfloat'
D:\Repositorios\OpenGLProjects\OpenGLSolution\SimuladorCoche\Source.cpp(125,47): warning C4305: 'inicializando': truncamiento de 'double' a 'GLfloat'
D:\Repositorios\OpenGLProjects\OpenGLSolution\SimuladorCoche\Source.cpp(135,40): warning C4305: 'inicializando': truncamiento de 'double' a 'GLfloat'
D:\Repositorios\OpenGLProjects\OpenGLSolution\SimuladorCoche\Source.cpp(220,28): warning C4305: 'argumento': truncamiento de 'double' a 'GLfloat'
D:\Repositorios\OpenGLProjects\OpenGLSolution\SimuladorCoche\Source.cpp(273,33): warning C4838: la conversión de 'GLdouble' en 'GLfloat' requiere una conversión de restricción
D:\Repositorios\OpenGLProjects\OpenGLSolution\SimuladorCoche\Source.cpp(273,33): warning C4244: 'inicializando': conversión de 'GLdouble' a 'GLfloat'; posible pérdida de datos
D:\Repositorios\OpenGLProjects\OpenGLSolution\SimuladorCoche\Source.cpp(274,34): warning C4838: la conversión de 'GLdouble' en 'GLfloat' requiere una conversión de restricción
D:\Repositorios\OpenGLProjects\OpenGLSolution\SimuladorCoche\Source.cpp(274,34): warning C4244: 'inicializando': conversión de 'GLdouble' a 'GLfloat'; posible pérdida de datos
D:\Repositorios\OpenGLProjects\OpenGLSolution\SimuladorCoche\Source.cpp(277,36): warning C4305: 'inicializando': truncamiento de 'double' a 'GLfloat'
D:\Repositorios\OpenGLProjects\OpenGLSolution\SimuladorCoche\Source.cpp(310,10): warning C4838: la conversión de 'GLdouble' en 'float' requiere una conversión de restricción
D:\Repositorios\OpenGLProjects\OpenGLSolution\SimuladorCoche\Source.cpp(310,10): warning C4244: 'inicializando': conversión de 'GLdouble' a 'float'; posible pérdida de datos
D:\Repositorios\OpenGLProjects\OpenGLSolution\SimuladorCoche\Source.cpp(310,37): warning C4838: la conversión de 'GLdouble' en 'float' requiere una conversión de restricción
D:\Repositorios\OpenGLProjects\OpenGLSolution\SimuladorCoche\Source.cpp(310,37): warning C4244: 'inicializando': conversión de 'GLdouble' a 'float'; posible pérdida de datos
D:\Repositorios\OpenGLProjects\OpenGLSolution\SimuladorCoche\Source.cpp(311,9): warning C4838: la conversión de 'GLdouble' en 'float' requiere una conversión de restricción
D:\Repositorios\OpenGLProjects\OpenGLSolution\SimuladorCoche\Source.cpp(311,9): warning C4244: 'inicializando': conversión de 'GLdouble' a 'float'; posible pérdida de datos
D:\Repositorios\OpenGLProjects\OpenGLSolution\SimuladorCoche\Source.cpp(311,36): warning C4838: la conversión de 'GLdouble' en 'float' requiere una conversión de restricción
D:\Repositorios\OpenGLProjects\OpenGLSolution\SimuladorCoche\Source.cpp(311,36): warning C4244: 'inicializando': conversión de 'GLdouble' a 'float'; posible pérdida de datos
D:\Repositorios\OpenGLProjects\OpenGLSolution\SimuladorCoche\Source.cpp(312,9): warning C4838: la conversión de 'GLdouble' en 'float' requiere una conversión de restricción
D:\Repositorios\OpenGLProjects\OpenGLSolution\SimuladorCoche\Source.cpp(312,9): warning C4244: 'inicializando': conversión de 'GLdouble' a 'float'; posible pérdida de datos
D:\Repositorios\OpenGLProjects\OpenGLSolution\SimuladorCoche\Source.cpp(312,36): warning C4838: la conversión de 'GLdouble' en 'float' requiere una conversión de restricción
D:\Repositorios\OpenGLProjects\OpenGLSolution\SimuladorCoche\Source.cpp(312,36): warning C4244: 'inicializando': conversión de 'GLdouble' a 'float'; posible pérdida de datos
D:\Repositorios\OpenGLProjects\OpenGLSolution\SimuladorCoche\Source.cpp(313,10): warning C4838: la conversión de 'GLdouble' en 'float' requiere una conversión de restricción
D:\Repositorios\OpenGLProjects\OpenGLSolution\SimuladorCoche\Source.cpp(313,10): warning C4244: 'inicializando': conversión de 'GLdouble' a 'float'; posible pérdida de datos
D:\Repositorios\OpenGLProjects\OpenGLSolution\SimuladorCoche\Source.cpp(313,37): warning C4838: la conversión de 'GLdouble' en 'float' requiere una conversión de restricción
D:\Repositorios\OpenGLProjects\OpenGLSolution\SimuladorCoche\Source.cpp(313,37): warning C4244: 'inicializando': conversión de 'GLdouble' a 'float'; posible pérdida de datos
D:\Repositorios\OpenGLProjects\OpenGLSolution\SimuladorCoche\Source.cpp(314,9): warning C4838: la conversión de 'GLdouble' en 'float' requiere una conversión de restricción
D:\Repositorios\OpenGLProjects\OpenGLSolution\SimuladorCoche\Source.cpp(314,9): warning C4244: 'inicializando': conversión de 'GLdouble' a 'float'; posible pérdida de datos
D:\Repositorios\OpenGLProjects\OpenGLSolution\SimuladorCoche\Source.cpp(314,36): warning C4838: la conversión de 'GLdouble' en 'float' requiere una conversión de restricción
D:\Repositorios\OpenGLProjects\OpenGLSolution\SimuladorCoche\Source.cpp(314,36): warning C4244: 'inicializando': conversión de 'GLdouble' a 'float'; posible pérdida de datos
D:\Repositorios\OpenGLProjects\OpenGLSolution\SimuladorCoche\Source.cpp(315,9): warning C4838: la conversión de 'GLdouble' en 'float' requiere una conversión de restricción
D:\Repositorios\OpenGLProjects\OpenGLSolution\SimuladorCoche\Source.cpp(315,9): warning C4244: 'inicializando': conversión de 'GLdouble' a 'float'; posible pérdida de datos
D:\Repositorios\OpenGLProjects\OpenGLSolution\SimuladorCoche\Source.cpp(315,35): warning C4838: la conversión de 'GLdouble' en 'float' requiere una conversión de restricción
D:\Repositorios\OpenGLProjects\OpenGLSolution\SimuladorCoche\Source.cpp(315,35): warning C4244: 'inicializando': conversión de 'GLdouble' a 'float'; posible pérdida de datos
D:\Repositorios\OpenGLProjects\OpenGLSolution\SimuladorCoche\Source.cpp(316,9): warning C4838: la conversión de 'GLdouble' en 'float' requiere una conversión de restricción
D:\Repositorios\OpenGLProjects\OpenGLSolution\SimuladorCoche\Source.cpp(316,9): warning C4244: 'inicializando': conversión de 'GLdouble' a 'float'; posible pérdida de datos
D:\Repositorios\OpenGLProjects\OpenGLSolution\SimuladorCoche\Source.cpp(316,35): warning C4838: la conversión de 'GLdouble' en 'float' requiere una conversión de restricción
D:\Repositorios\OpenGLProjects\OpenGLSolution\SimuladorCoche\Source.cpp(316,35): warning C4244: 'inicializando': conversión de 'GLdouble' a 'float'; posible pérdida de datos
D:\Repositorios\OpenGLProjects\OpenGLSolution\SimuladorCoche\Source.cpp(317,9): warning C4838: la conversión de 'GLdouble' en 'float' requiere una conversión de restricción
D:\Repositorios\OpenGLProjects\OpenGLSolution\SimuladorCoche\Source.cpp(317,9): warning C4244: 'inicializando': conversión de 'GLdouble' a 'float'; posible pérdida de datos
D:\Repositorios\OpenGLProjects\OpenGLSolution\SimuladorCoche\Source.cpp(317,36): warning C4838: la conversión de 'GLdouble' en 'float' requiere una conversión de restricción
D:\Repositorios\OpenGLProjects\OpenGLSolution\SimuladorCoche\Source.cpp(317,36): warning C4244: 'inicializando': conversión de 'GLdouble' a 'float'; posible pérdida de datos
D:\Repositorios\OpenGLProjects\OpenGLSolution\SimuladorCoche\Source.cpp(318,9): warning C4838: la conversión de 'GLdouble' en 'float' requiere una conversión de restricción
D:\Repositorios\OpenGLProjects\OpenGLSolution\SimuladorCoche\Source.cpp(318,9): warning C4244: 'inicializando': conversión de 'GLdouble' a 'float'; posible pérdida de datos
D:\Repositorios\OpenGLProjects\OpenGLSolution\SimuladorCoche\Source.cpp(318,35): warning C4838: la conversión de 'GLdouble' en 'float' requiere una conversión de restricción
D:\Repositorios\OpenGLProjects\OpenGLSolution\SimuladorCoche\Source.cpp(318,35): warning C4244: 'inicializando': conversión de 'GLdouble' a 'float'; posible pérdida de datos
D:\Repositorios\OpenGLProjects\OpenGLSolution\SimuladorCoche\Source.cpp(319,10): warning C4838: la conversión de 'GLdouble' en 'float' requiere una conversión de restricción
D:\Repositorios\OpenGLProjects\OpenGLSolution\SimuladorCoche\Source.cpp(319,10): warning C4244: 'inicializando': conversión de 'GLdouble' a 'float'; posible pérdida de datos
D:\Repositorios\OpenGLProjects\OpenGLSolution\SimuladorCoche\Source.cpp(319,36): warning C4838: la conversión de 'GLdouble' en 'float' requiere una conversión de restricción
D:\Repositorios\OpenGLProjects\OpenGLSolution\SimuladorCoche\Source.cpp(319,36): warning C4244: 'inicializando': conversión de 'GLdouble' a 'float'; posible pérdida de datos
D:\Repositorios\OpenGLProjects\OpenGLSolution\SimuladorCoche\Source.cpp(320,10): warning C4838: la conversión de 'GLdouble' en 'float' requiere una conversión de restricción
D:\Repositorios\OpenGLProjects\OpenGLSolution\SimuladorCoche\Source.cpp(320,10): warning C4244: 'inicializando': conversión de 'GLdouble' a 'float'; posible pérdida de datos
D:\Repositorios\OpenGLProjects\OpenGLSolution\SimuladorCoche\Source.cpp(320,36): warning C4838: la conversión de 'GLdouble' en 'float' requiere una conversión de restricción
D:\Repositorios\OpenGLProjects\OpenGLSolution\SimuladorCoche\Source.cpp(320,36): warning C4244: 'inicializando': conversión de 'GLdouble' a 'float'; posible pérdida de datos
D:\Repositorios\OpenGLProjects\OpenGLSolution\SimuladorCoche\Source.cpp(321,9): warning C4838: la conversión de 'GLdouble' en 'float' requiere una conversión de restricción
D:\Repositorios\OpenGLProjects\OpenGLSolution\SimuladorCoche\Source.cpp(321,9): warning C4244: 'inicializando': conversión de 'GLdouble' a 'float'; posible pérdida de datos
D:\Repositorios\OpenGLProjects\OpenGLSolution\SimuladorCoche\Source.cpp(321,35): warning C4838: la conversión de 'GLdouble' en 'float' requiere una conversión de restricción
D:\Repositorios\OpenGLProjects\OpenGLSolution\SimuladorCoche\Source.cpp(321,35): warning C4244: 'inicializando': conversión de 'GLdouble' a 'float'; posible pérdida de datos
D:\Repositorios\OpenGLProjects\OpenGLSolution\SimuladorCoche\Source.cpp(322,10): warning C4838: la conversión de 'GLdouble' en 'float' requiere una conversión de restricción
D:\Repositorios\OpenGLProjects\OpenGLSolution\SimuladorCoche\Source.cpp(322,10): warning C4244: 'inicializando': conversión de 'GLdouble' a 'float'; posible pérdida de datos
D:\Repositorios\OpenGLProjects\OpenGLSolution\SimuladorCoche\Source.cpp(322,36): warning C4838: la conversión de 'GLdouble' en 'float' requiere una conversión de restricción
D:\Repositorios\OpenGLProjects\OpenGLSolution\SimuladorCoche\Source.cpp(322,36): warning C4244: 'inicializando': conversión de 'GLdouble' a 'float'; posible pérdida de datos
D:\Repositorios\OpenGLProjects\OpenGLSolution\SimuladorCoche\Source.cpp(323,10): warning C4838: la conversión de 'GLdouble' en 'float' requiere una conversión de restricción
D:\Repositorios\OpenGLProjects\OpenGLSolution\SimuladorCoche\Source.cpp(323,10): warning C4244: 'inicializando': conversión de 'GLdouble' a 'float'; posible pérdida de datos
D:\Repositorios\OpenGLProjects\OpenGLSolution\SimuladorCoche\Source.cpp(323,37): warning C4838: la conversión de 'GLdouble' en 'float' requiere una conversión de restricción
D:\Repositorios\OpenGLProjects\OpenGLSolution\SimuladorCoche\Source.cpp(323,37): warning C4244: 'inicializando': conversión de 'GLdouble' a 'float'; posible pérdida de datos
D:\Repositorios\OpenGLProjects\OpenGLSolution\SimuladorCoche\Source.cpp(324,10): warning C4838: la conversión de 'GLdouble' en 'float' requiere una conversión de restricción
D:\Repositorios\OpenGLProjects\OpenGLSolution\SimuladorCoche\Source.cpp(324,10): warning C4244: 'inicializando': conversión de 'GLdouble' a 'float'; posible pérdida de datos
D:\Repositorios\OpenGLProjects\OpenGLSolution\SimuladorCoche\Source.cpp(324,37): warning C4838: la conversión de 'GLdouble' en 'float' requiere una conversión de restricción
D:\Repositorios\OpenGLProjects\OpenGLSolution\SimuladorCoche\Source.cpp(324,37): warning C4244: 'inicializando': conversión de 'GLdouble' a 'float'; posible pérdida de datos
D:\Repositorios\OpenGLProjects\OpenGLSolution\SimuladorCoche\Source.cpp(325,10): warning C4838: la conversión de 'GLdouble' en 'float' requiere una conversión de restricción
D:\Repositorios\OpenGLProjects\OpenGLSolution\SimuladorCoche\Source.cpp(325,10): warning C4244: 'inicializando': conversión de 'GLdouble' a 'float'; posible pérdida de datos
D:\Repositorios\OpenGLProjects\OpenGLSolution\SimuladorCoche\Source.cpp(325,36): warning C4838: la conversión de 'GLdouble' en 'float' requiere una conversión de restricción
D:\Repositorios\OpenGLProjects\OpenGLSolution\SimuladorCoche\Source.cpp(325,36): warning C4244: 'inicializando': conversión de 'GLdouble' a 'float'; posible pérdida de datos
D:\Repositorios\OpenGLProjects\OpenGLSolution\SimuladorCoche\Source.cpp(346,2): warning C4305: 'inicializando': truncamiento de 'double' a 'float'
D:\Repositorios\OpenGLProjects\OpenGLSolution\SimuladorCoche\Source.cpp(352,2): warning C4305: 'inicializando': truncamiento de 'double' a 'float'
D:\Repositorios\OpenGLProjects\OpenGLSolution\SimuladorCoche\Source.cpp(355,20): warning C4244: '=': conversión de 'GLdouble' a 'float'; posible pérdida de datos
D:\Repositorios\OpenGLProjects\OpenGLSolution\SimuladorCoche\Source.cpp(357,20): warning C4244: '=': conversión de 'GLdouble' a 'float'; posible pérdida de datos
D:\Repositorios\OpenGLProjects\OpenGLSolution\SimuladorCoche\Source.cpp(359,21): warning C4244: '=': conversión de 'GLdouble' a 'float'; posible pérdida de datos
D:\Repositorios\OpenGLProjects\OpenGLSolution\SimuladorCoche\Source.cpp(361,21): warning C4244: '=': conversión de 'GLdouble' a 'float'; posible pérdida de datos
D:\Repositorios\OpenGLProjects\OpenGLSolution\SimuladorCoche\Source.cpp(512,51): warning C4305: 'argumento': truncamiento de 'double' a 'GLfloat'
D:\Repositorios\OpenGLProjects\OpenGLSolution\SimuladorCoche\Source.cpp(513,56): warning C4305: 'argumento': truncamiento de 'double' a 'GLfloat'
D:\Repositorios\OpenGLProjects\OpenGLSolution\SimuladorCoche\Source.cpp(514,29): warning C4305: 'argumento': truncamiento de 'double' a 'GLfloat'
D:\Repositorios\OpenGLProjects\OpenGLSolution\SimuladorCoche\Source.cpp(518,31): warning C4305: 'argumento': truncamiento de 'double' a 'GLfloat'
D:\Repositorios\OpenGLProjects\OpenGLSolution\SimuladorCoche\Source.cpp(520,23): warning C4244: 'argumento': conversión de 'double' a 'GLfloat'; posible pérdida de datos
D:\Repositorios\OpenGLProjects\OpenGLSolution\SimuladorCoche\Source.cpp(536,24): warning C4305: 'argumento': truncamiento de 'double' a 'GLfloat'
D:\Repositorios\OpenGLProjects\OpenGLSolution\SimuladorCoche\Source.cpp(539,37): warning C4305: 'argumento': truncamiento de 'double' a 'GLfloat'
D:\Repositorios\OpenGLProjects\OpenGLSolution\SimuladorCoche\Source.cpp(539,20): warning C4244: 'argumento': conversión de 'double' a 'GLfloat'; posible pérdida de datos
D:\Repositorios\OpenGLProjects\OpenGLSolution\SimuladorCoche\Source.cpp(567,30): warning C4305: 'inicializando': truncamiento de 'double' a 'GLfloat'
D:\Repositorios\OpenGLProjects\OpenGLSolution\SimuladorCoche\Source.cpp(567,60): warning C4305: 'inicializando': truncamiento de 'double' a 'GLfloat'
D:\Repositorios\OpenGLProjects\OpenGLSolution\SimuladorCoche\Source.cpp(568,28): warning C4305: 'inicializando': truncamiento de 'double' a 'GLfloat'
D:\Repositorios\OpenGLProjects\OpenGLSolution\SimuladorCoche\Source.cpp(568,58): warning C4305: 'inicializando': truncamiento de 'double' a 'GLfloat'
D:\Repositorios\OpenGLProjects\OpenGLSolution\SimuladorCoche\Source.cpp(579,34): warning C4305: 'inicializando': truncamiento de 'double' a 'GLfloat'
D:\Repositorios\OpenGLProjects\OpenGLSolution\SimuladorCoche\Source.cpp(579,68): warning C4305: 'inicializando': truncamiento de 'double' a 'GLfloat'
D:\Repositorios\OpenGLProjects\OpenGLSolution\SimuladorCoche\Source.cpp(580,30): warning C4305: 'inicializando': truncamiento de 'double' a 'GLfloat'
D:\Repositorios\OpenGLProjects\OpenGLSolution\SimuladorCoche\Source.cpp(580,62): warning C4305: 'inicializando': truncamiento de 'double' a 'GLfloat'
D:\Repositorios\OpenGLProjects\OpenGLSolution\SimuladorCoche\Source.cpp(610,71): warning C4305: 'argumento': truncamiento de 'double' a 'GLclampf'
D:\Repositorios\OpenGLProjects\OpenGLSolution\SimuladorCoche\Source.cpp(701,27): warning C4305: '-=': truncamiento de 'double' a 'float'
D:\Repositorios\OpenGLProjects\OpenGLSolution\SimuladorCoche\Source.cpp(709,27): warning C4305: '+=': truncamiento de 'double' a 'float'
D:\Repositorios\OpenGLProjects\OpenGLSolution\SimuladorCoche\Source.cpp(816,28): warning C4305: '=': truncamiento de 'double' a 'float'
D:\Repositorios\OpenGLProjects\OpenGLSolution\SimuladorCoche\Source.cpp(822,26): warning C4305: '-=': truncamiento de 'double' a 'float'
  Generando código
  2 of 155 functions ( 1.3%) were compiled, the rest were copied from previous compilation.
    0 functions were new in current compilation
    0 functions had inline decision re-evaluated but remain unchanged
  Generación de código finalizada
  SimuladorCoche.vcxproj -> D:\Repositorios\OpenGLProjects\OpenGLSolution\Release\SimuladorCoche.exe
