1 1e-09 87.850000
2 1e-09 83.133333
5 1e-09 65.400000
10 1e-09 53.433333
20 1e-09 46.966667
50 1e-09 45.116667
100 1e-09 45.033333
200 1e-09 45.000000
500 1e-09 45.000000
1 1e-08 87.850000
2 1e-08 83.150000
5 1e-08 65.433333
10 1e-08 53.416667
20 1e-08 46.950000
50 1e-08 45.083333
100 1e-08 44.933333
200 1e-08 44.933333
500 1e-08 44.933333
1 1e-07 87.850000
2 1e-07 83.166667
5 1e-07 65.516667
10 1e-07 53.300000
20 1e-07 46.466667
50 1e-07 44.666667
100 1e-07 44.466667
200 1e-07 44.400000
500 1e-07 44.400000
1 1e-06 87.850000
2 1e-06 83.050000
5 1e-06 65.950000
10 1e-06 52.733333
20 1e-06 42.950000
50 1e-06 39.400000
100 1e-06 38.800000
200 1e-06 38.766667
500 1e-06 38.766667
1 1e-05 87.900000
2 1e-05 82.200000
5 1e-05 65.683333
10 1e-05 49.933333
20 1e-05 31.833333
50 1e-05 25.900000
100 1e-05 24.750000
200 1e-05 24.350000
500 1e-05 24.266667
1 0.0001 87.966667
2 0.0001 81.000000
5 0.0001 64.833333
10 0.0001 48.016667
20 0.0001 28.416667
50 0.0001 20.633333
100 0.0001 19.400000
200 0.0001 19.033333
500 0.0001 18.933333
1 0.001 87.966667
2 0.001 80.766667
5 0.001 64.750000
10 0.001 47.550000
20 0.001 31.633333
50 0.001 23.333333
100 0.001 20.666667
200 0.001 19.533333
500 0.001 19.350000
1 0.01 87.866667
2 0.01 80.783333
5 0.01 64.650000
10 0.01 47.533333
20 0.01 32.833333
50 0.01 26.200000
100 0.01 24.866667
200 0.01 23.433333
500 0.01 22.516667
1 0.1 88.016667
2 0.1 80.750000
5 0.1 64.633333
10 0.1 47.350000
20 0.1 32.433333
50 0.1 26.050000
100 0.1 26.533333
200 0.1 37.866667
500 0.1 32.900000
1 0.9 87.783333
2 0.9 80.316667
5 0.9 63.933333
10 0.9 46.000000
20 0.9 29.216667
50 0.9 22.766667
100 0.9 23.516667
200 0.9 44.250000
500 0.9 60.650000
